SF:lib\services\locale_manager.dart
DA:5,4
DA:11,4
DA:22,8
DA:24,4
DA:25,4
DA:29,8
DA:30,2
DA:31,2
DA:32,2
DA:33,2
DA:37,4
DA:40,2
DA:41,2
DA:42,0
DA:45,4
DA:49,2
DA:50,6
DA:51,2
DA:54,2
DA:55,4
DA:56,2
DA:57,6
DA:58,2
DA:59,0
DA:60,0
DA:64,2
DA:65,4
DA:66,2
DA:67,0
DA:70,4
DA:71,4
DA:74,0
DA:77,0
DA:81,0
DA:82,0
DA:83,0
DA:88,0
DA:99,0
DA:104,0
DA:105,0
DA:107,0
DA:109,0
LF:42
LH:27
end_of_record
SF:lib\main.dart
DA:8,0
DA:9,0
DA:10,0
DA:11,0
DA:15,3
DA:19,3
DA:21,3
DA:22,3
DA:23,3
DA:24,3
DA:25,3
DA:27,3
DA:28,6
DA:29,3
DA:30,3
DA:33,3
DA:34,3
LF:17
LH:13
end_of_record
SF:lib\screens\home\home_screen.dart
DA:5,4
DA:7,3
DA:9,3
DA:11,3
DA:12,3
DA:13,6
DA:15,3
DA:16,6
LF:8
LH:8
end_of_record
